:: loading settings :: url = jar:file:/opt/spark/jars/ivy-2.5.1.jar!/org/apache/ivy/core/settings/ivysettings.xml
Ivy Default Cache set to: /root/.ivy2/cache
The jars for the packages stored in: /root/.ivy2/jars
org.apache.spark#spark-sql-kafka-0-10_2.12 added as a dependency
:: resolving dependencies :: org.apache.spark#spark-submit-parent-ac1d2c8a-4180-4467-8fe2-8b5391925b6c;1.0
	confs: [default]
	found org.apache.spark#spark-sql-kafka-0-10_2.12;3.5.3 in central
	found org.apache.spark#spark-token-provider-kafka-0-10_2.12;3.5.3 in central
	found org.apache.kafka#kafka-clients;3.4.1 in central
	found org.lz4#lz4-java;1.8.0 in central
	found org.xerial.snappy#snappy-java;1.1.10.5 in central
	found org.slf4j#slf4j-api;2.0.7 in central
	found org.apache.hadoop#hadoop-client-runtime;3.3.4 in central
	found org.apache.hadoop#hadoop-client-api;3.3.4 in central
	found commons-logging#commons-logging;1.1.3 in central
	found com.google.code.findbugs#jsr305;3.0.0 in central
	found org.apache.commons#commons-pool2;2.11.1 in central
:: resolution report :: resolve 1977ms :: artifacts dl 67ms
	:: modules in use:
	com.google.code.findbugs#jsr305;3.0.0 from central in [default]
	commons-logging#commons-logging;1.1.3 from central in [default]
	org.apache.commons#commons-pool2;2.11.1 from central in [default]
	org.apache.hadoop#hadoop-client-api;3.3.4 from central in [default]
	org.apache.hadoop#hadoop-client-runtime;3.3.4 from central in [default]
	org.apache.kafka#kafka-clients;3.4.1 from central in [default]
	org.apache.spark#spark-sql-kafka-0-10_2.12;3.5.3 from central in [default]
	org.apache.spark#spark-token-provider-kafka-0-10_2.12;3.5.3 from central in [default]
	org.lz4#lz4-java;1.8.0 from central in [default]
	org.slf4j#slf4j-api;2.0.7 from central in [default]
	org.xerial.snappy#snappy-java;1.1.10.5 from central in [default]
	---------------------------------------------------------------------
	|                  |            modules            ||   artifacts   |
	|       conf       | number| search|dwnlded|evicted|| number|dwnlded|
	---------------------------------------------------------------------
	|      default     |   11  |   0   |   0   |   0   ||   11  |   0   |
	---------------------------------------------------------------------
:: retrieving :: org.apache.spark#spark-submit-parent-ac1d2c8a-4180-4467-8fe2-8b5391925b6c
	confs: [default]
	0 artifacts copied, 11 already retrieved (0kB/39ms)
26/01/04 15:25:18 WARN NativeCodeLoader: Unable to load native-hadoop library for your platform... using builtin-java classes where applicable
🚀 Ad Campaign Manager started (Spark Edition)...
   Window: 10 min
26/01/04 15:25:21 INFO SparkContext: Running Spark version 3.5.3
26/01/04 15:25:21 INFO SparkContext: OS info Linux, 6.12.54-linuxkit, aarch64
26/01/04 15:25:21 INFO SparkContext: Java version 17.0.12
26/01/04 15:25:21 INFO ResourceUtils: ==============================================================
26/01/04 15:25:21 INFO ResourceUtils: No custom resources configured for spark.driver.
26/01/04 15:25:21 INFO ResourceUtils: ==============================================================
26/01/04 15:25:21 INFO SparkContext: Submitted application: AdCampaignManager
26/01/04 15:25:22 INFO ResourceProfile: Default ResourceProfile created, executor resources: Map(memoryOverhead -> name: memoryOverhead, amount: 200, script: , vendor: , cores -> name: cores, amount: 1, script: , vendor: , memory -> name: memory, amount: 1024, script: , vendor: , offHeap -> name: offHeap, amount: 0, script: , vendor: ), task resources: Map(cpus -> name: cpus, amount: 1.0)
26/01/04 15:25:22 INFO ResourceProfile: Limiting resource is cpu
26/01/04 15:25:22 INFO ResourceProfileManager: Added ResourceProfile id: 0
26/01/04 15:25:22 INFO SecurityManager: Changing view acls to: root
26/01/04 15:25:22 INFO SecurityManager: Changing modify acls to: root
26/01/04 15:25:22 INFO SecurityManager: Changing view acls groups to: 
26/01/04 15:25:22 INFO SecurityManager: Changing modify acls groups to: 
26/01/04 15:25:22 INFO SecurityManager: SecurityManager: authentication disabled; ui acls disabled; users with view permissions: root; groups with view permissions: EMPTY; users with modify permissions: root; groups with modify permissions: EMPTY
26/01/04 15:25:22 INFO Utils: Successfully started service 'sparkDriver' on port 37245.
26/01/04 15:25:22 INFO SparkEnv: Registering MapOutputTracker
26/01/04 15:25:22 INFO SparkEnv: Registering BlockManagerMaster
26/01/04 15:25:22 INFO BlockManagerMasterEndpoint: Using org.apache.spark.storage.DefaultTopologyMapper for getting topology information
26/01/04 15:25:22 INFO BlockManagerMasterEndpoint: BlockManagerMasterEndpoint up
26/01/04 15:25:22 INFO SparkEnv: Registering BlockManagerMasterHeartbeat
26/01/04 15:25:23 INFO DiskBlockManager: Created local directory at /tmp/blockmgr-4c45cf27-88e0-4249-aa0d-d191cd7ef7e5
26/01/04 15:25:23 INFO MemoryStore: MemoryStore started with capacity 127.2 MiB
26/01/04 15:25:23 INFO SparkEnv: Registering OutputCommitCoordinator
26/01/04 15:25:23 INFO JettyUtils: Start Jetty 0.0.0.0:4040 for SparkUI
26/01/04 15:25:23 WARN Utils: Service 'SparkUI' could not bind on port 4040. Attempting port 4041.
26/01/04 15:25:23 WARN Utils: Service 'SparkUI' could not bind on port 4041. Attempting port 4042.
26/01/04 15:25:23 WARN Utils: Service 'SparkUI' could not bind on port 4042. Attempting port 4043.
26/01/04 15:25:23 WARN Utils: Service 'SparkUI' could not bind on port 4043. Attempting port 4044.
26/01/04 15:25:23 WARN Utils: Service 'SparkUI' could not bind on port 4044. Attempting port 4045.
26/01/04 15:25:23 WARN Utils: Service 'SparkUI' could not bind on port 4045. Attempting port 4046.
26/01/04 15:25:23 INFO Utils: Successfully started service 'SparkUI' on port 4046.
26/01/04 15:25:24 INFO SparkContext: Added JAR file:///root/.ivy2/jars/org.apache.spark_spark-sql-kafka-0-10_2.12-3.5.3.jar at spark://a6835172c064:37245/jars/org.apache.spark_spark-sql-kafka-0-10_2.12-3.5.3.jar with timestamp 1767536721863
26/01/04 15:25:24 INFO SparkContext: Added JAR file:///root/.ivy2/jars/org.apache.spark_spark-token-provider-kafka-0-10_2.12-3.5.3.jar at spark://a6835172c064:37245/jars/org.apache.spark_spark-token-provider-kafka-0-10_2.12-3.5.3.jar with timestamp 1767536721863
26/01/04 15:25:24 INFO SparkContext: Added JAR file:///root/.ivy2/jars/org.apache.kafka_kafka-clients-3.4.1.jar at spark://a6835172c064:37245/jars/org.apache.kafka_kafka-clients-3.4.1.jar with timestamp 1767536721863
26/01/04 15:25:24 INFO SparkContext: Added JAR file:///root/.ivy2/jars/com.google.code.findbugs_jsr305-3.0.0.jar at spark://a6835172c064:37245/jars/com.google.code.findbugs_jsr305-3.0.0.jar with timestamp 1767536721863
26/01/04 15:25:24 INFO SparkContext: Added JAR file:///root/.ivy2/jars/org.apache.commons_commons-pool2-2.11.1.jar at spark://a6835172c064:37245/jars/org.apache.commons_commons-pool2-2.11.1.jar with timestamp 1767536721863
26/01/04 15:25:24 INFO SparkContext: Added JAR file:///root/.ivy2/jars/org.apache.hadoop_hadoop-client-runtime-3.3.4.jar at spark://a6835172c064:37245/jars/org.apache.hadoop_hadoop-client-runtime-3.3.4.jar with timestamp 1767536721863
26/01/04 15:25:24 INFO SparkContext: Added JAR file:///root/.ivy2/jars/org.lz4_lz4-java-1.8.0.jar at spark://a6835172c064:37245/jars/org.lz4_lz4-java-1.8.0.jar with timestamp 1767536721863
26/01/04 15:25:24 INFO SparkContext: Added JAR file:///root/.ivy2/jars/org.xerial.snappy_snappy-java-1.1.10.5.jar at spark://a6835172c064:37245/jars/org.xerial.snappy_snappy-java-1.1.10.5.jar with timestamp 1767536721863
26/01/04 15:25:24 INFO SparkContext: Added JAR file:///root/.ivy2/jars/org.slf4j_slf4j-api-2.0.7.jar at spark://a6835172c064:37245/jars/org.slf4j_slf4j-api-2.0.7.jar with timestamp 1767536721863
26/01/04 15:25:24 INFO SparkContext: Added JAR file:///root/.ivy2/jars/org.apache.hadoop_hadoop-client-api-3.3.4.jar at spark://a6835172c064:37245/jars/org.apache.hadoop_hadoop-client-api-3.3.4.jar with timestamp 1767536721863
26/01/04 15:25:24 INFO SparkContext: Added JAR file:///root/.ivy2/jars/commons-logging_commons-logging-1.1.3.jar at spark://a6835172c064:37245/jars/commons-logging_commons-logging-1.1.3.jar with timestamp 1767536721863
26/01/04 15:25:24 INFO SparkContext: Added file file:///root/.ivy2/jars/org.apache.spark_spark-sql-kafka-0-10_2.12-3.5.3.jar at file:///root/.ivy2/jars/org.apache.spark_spark-sql-kafka-0-10_2.12-3.5.3.jar with timestamp 1767536721863
26/01/04 15:25:24 INFO Utils: Copying /root/.ivy2/jars/org.apache.spark_spark-sql-kafka-0-10_2.12-3.5.3.jar to /tmp/spark-902f53d9-dfdf-4f78-886a-d07316c00631/userFiles-6e089f3c-49a2-4082-a42f-ec39fb9e484a/org.apache.spark_spark-sql-kafka-0-10_2.12-3.5.3.jar
26/01/04 15:25:24 INFO SparkContext: Added file file:///root/.ivy2/jars/org.apache.spark_spark-token-provider-kafka-0-10_2.12-3.5.3.jar at file:///root/.ivy2/jars/org.apache.spark_spark-token-provider-kafka-0-10_2.12-3.5.3.jar with timestamp 1767536721863
26/01/04 15:25:24 INFO Utils: Copying /root/.ivy2/jars/org.apache.spark_spark-token-provider-kafka-0-10_2.12-3.5.3.jar to /tmp/spark-902f53d9-dfdf-4f78-886a-d07316c00631/userFiles-6e089f3c-49a2-4082-a42f-ec39fb9e484a/org.apache.spark_spark-token-provider-kafka-0-10_2.12-3.5.3.jar
26/01/04 15:25:24 INFO SparkContext: Added file file:///root/.ivy2/jars/org.apache.kafka_kafka-clients-3.4.1.jar at file:///root/.ivy2/jars/org.apache.kafka_kafka-clients-3.4.1.jar with timestamp 1767536721863
26/01/04 15:25:24 INFO Utils: Copying /root/.ivy2/jars/org.apache.kafka_kafka-clients-3.4.1.jar to /tmp/spark-902f53d9-dfdf-4f78-886a-d07316c00631/userFiles-6e089f3c-49a2-4082-a42f-ec39fb9e484a/org.apache.kafka_kafka-clients-3.4.1.jar
26/01/04 15:25:24 INFO SparkContext: Added file file:///root/.ivy2/jars/com.google.code.findbugs_jsr305-3.0.0.jar at file:///root/.ivy2/jars/com.google.code.findbugs_jsr305-3.0.0.jar with timestamp 1767536721863
26/01/04 15:25:24 INFO Utils: Copying /root/.ivy2/jars/com.google.code.findbugs_jsr305-3.0.0.jar to /tmp/spark-902f53d9-dfdf-4f78-886a-d07316c00631/userFiles-6e089f3c-49a2-4082-a42f-ec39fb9e484a/com.google.code.findbugs_jsr305-3.0.0.jar
26/01/04 15:25:24 INFO SparkContext: Added file file:///root/.ivy2/jars/org.apache.commons_commons-pool2-2.11.1.jar at file:///root/.ivy2/jars/org.apache.commons_commons-pool2-2.11.1.jar with timestamp 1767536721863
26/01/04 15:25:24 INFO Utils: Copying /root/.ivy2/jars/org.apache.commons_commons-pool2-2.11.1.jar to /tmp/spark-902f53d9-dfdf-4f78-886a-d07316c00631/userFiles-6e089f3c-49a2-4082-a42f-ec39fb9e484a/org.apache.commons_commons-pool2-2.11.1.jar
26/01/04 15:25:24 INFO SparkContext: Added file file:///root/.ivy2/jars/org.apache.hadoop_hadoop-client-runtime-3.3.4.jar at file:///root/.ivy2/jars/org.apache.hadoop_hadoop-client-runtime-3.3.4.jar with timestamp 1767536721863
26/01/04 15:25:24 INFO Utils: Copying /root/.ivy2/jars/org.apache.hadoop_hadoop-client-runtime-3.3.4.jar to /tmp/spark-902f53d9-dfdf-4f78-886a-d07316c00631/userFiles-6e089f3c-49a2-4082-a42f-ec39fb9e484a/org.apache.hadoop_hadoop-client-runtime-3.3.4.jar
26/01/04 15:25:24 INFO SparkContext: Added file file:///root/.ivy2/jars/org.lz4_lz4-java-1.8.0.jar at file:///root/.ivy2/jars/org.lz4_lz4-java-1.8.0.jar with timestamp 1767536721863
26/01/04 15:25:24 INFO Utils: Copying /root/.ivy2/jars/org.lz4_lz4-java-1.8.0.jar to /tmp/spark-902f53d9-dfdf-4f78-886a-d07316c00631/userFiles-6e089f3c-49a2-4082-a42f-ec39fb9e484a/org.lz4_lz4-java-1.8.0.jar
26/01/04 15:25:24 INFO SparkContext: Added file file:///root/.ivy2/jars/org.xerial.snappy_snappy-java-1.1.10.5.jar at file:///root/.ivy2/jars/org.xerial.snappy_snappy-java-1.1.10.5.jar with timestamp 1767536721863
26/01/04 15:25:24 INFO Utils: Copying /root/.ivy2/jars/org.xerial.snappy_snappy-java-1.1.10.5.jar to /tmp/spark-902f53d9-dfdf-4f78-886a-d07316c00631/userFiles-6e089f3c-49a2-4082-a42f-ec39fb9e484a/org.xerial.snappy_snappy-java-1.1.10.5.jar
26/01/04 15:25:24 INFO SparkContext: Added file file:///root/.ivy2/jars/org.slf4j_slf4j-api-2.0.7.jar at file:///root/.ivy2/jars/org.slf4j_slf4j-api-2.0.7.jar with timestamp 1767536721863
26/01/04 15:25:24 INFO Utils: Copying /root/.ivy2/jars/org.slf4j_slf4j-api-2.0.7.jar to /tmp/spark-902f53d9-dfdf-4f78-886a-d07316c00631/userFiles-6e089f3c-49a2-4082-a42f-ec39fb9e484a/org.slf4j_slf4j-api-2.0.7.jar
26/01/04 15:25:24 INFO SparkContext: Added file file:///root/.ivy2/jars/org.apache.hadoop_hadoop-client-api-3.3.4.jar at file:///root/.ivy2/jars/org.apache.hadoop_hadoop-client-api-3.3.4.jar with timestamp 1767536721863
26/01/04 15:25:24 INFO Utils: Copying /root/.ivy2/jars/org.apache.hadoop_hadoop-client-api-3.3.4.jar to /tmp/spark-902f53d9-dfdf-4f78-886a-d07316c00631/userFiles-6e089f3c-49a2-4082-a42f-ec39fb9e484a/org.apache.hadoop_hadoop-client-api-3.3.4.jar
26/01/04 15:25:24 INFO SparkContext: Added file file:///root/.ivy2/jars/commons-logging_commons-logging-1.1.3.jar at file:///root/.ivy2/jars/commons-logging_commons-logging-1.1.3.jar with timestamp 1767536721863
26/01/04 15:25:24 INFO Utils: Copying /root/.ivy2/jars/commons-logging_commons-logging-1.1.3.jar to /tmp/spark-902f53d9-dfdf-4f78-886a-d07316c00631/userFiles-6e089f3c-49a2-4082-a42f-ec39fb9e484a/commons-logging_commons-logging-1.1.3.jar
26/01/04 15:25:24 INFO Executor: Starting executor ID driver on host a6835172c064
26/01/04 15:25:24 INFO Executor: OS info Linux, 6.12.54-linuxkit, aarch64
26/01/04 15:25:24 INFO Executor: Java version 17.0.12
26/01/04 15:25:24 INFO Executor: Starting executor with user classpath (userClassPathFirst = false): ''
26/01/04 15:25:24 INFO Executor: Created or updated repl class loader org.apache.spark.util.MutableURLClassLoader@2004e9d2 for default.
26/01/04 15:25:24 INFO Executor: Fetching file:///root/.ivy2/jars/org.apache.hadoop_hadoop-client-api-3.3.4.jar with timestamp 1767536721863
26/01/04 15:25:24 INFO Utils: /root/.ivy2/jars/org.apache.hadoop_hadoop-client-api-3.3.4.jar has been previously copied to /tmp/spark-902f53d9-dfdf-4f78-886a-d07316c00631/userFiles-6e089f3c-49a2-4082-a42f-ec39fb9e484a/org.apache.hadoop_hadoop-client-api-3.3.4.jar
26/01/04 15:25:24 INFO Executor: Fetching file:///root/.ivy2/jars/com.google.code.findbugs_jsr305-3.0.0.jar with timestamp 1767536721863
26/01/04 15:25:24 INFO Utils: /root/.ivy2/jars/com.google.code.findbugs_jsr305-3.0.0.jar has been previously copied to /tmp/spark-902f53d9-dfdf-4f78-886a-d07316c00631/userFiles-6e089f3c-49a2-4082-a42f-ec39fb9e484a/com.google.code.findbugs_jsr305-3.0.0.jar
26/01/04 15:25:24 INFO Executor: Fetching file:///root/.ivy2/jars/org.apache.hadoop_hadoop-client-runtime-3.3.4.jar with timestamp 1767536721863
26/01/04 15:25:24 INFO Utils: /root/.ivy2/jars/org.apache.hadoop_hadoop-client-runtime-3.3.4.jar has been previously copied to /tmp/spark-902f53d9-dfdf-4f78-886a-d07316c00631/userFiles-6e089f3c-49a2-4082-a42f-ec39fb9e484a/org.apache.hadoop_hadoop-client-runtime-3.3.4.jar
26/01/04 15:25:24 INFO Executor: Fetching file:///root/.ivy2/jars/org.apache.spark_spark-token-provider-kafka-0-10_2.12-3.5.3.jar with timestamp 1767536721863
26/01/04 15:25:24 INFO Utils: /root/.ivy2/jars/org.apache.spark_spark-token-provider-kafka-0-10_2.12-3.5.3.jar has been previously copied to /tmp/spark-902f53d9-dfdf-4f78-886a-d07316c00631/userFiles-6e089f3c-49a2-4082-a42f-ec39fb9e484a/org.apache.spark_spark-token-provider-kafka-0-10_2.12-3.5.3.jar
26/01/04 15:25:24 INFO Executor: Fetching file:///root/.ivy2/jars/org.slf4j_slf4j-api-2.0.7.jar with timestamp 1767536721863
26/01/04 15:25:24 INFO Utils: /root/.ivy2/jars/org.slf4j_slf4j-api-2.0.7.jar has been previously copied to /tmp/spark-902f53d9-dfdf-4f78-886a-d07316c00631/userFiles-6e089f3c-49a2-4082-a42f-ec39fb9e484a/org.slf4j_slf4j-api-2.0.7.jar
26/01/04 15:25:24 INFO Executor: Fetching file:///root/.ivy2/jars/org.xerial.snappy_snappy-java-1.1.10.5.jar with timestamp 1767536721863
26/01/04 15:25:24 INFO Utils: /root/.ivy2/jars/org.xerial.snappy_snappy-java-1.1.10.5.jar has been previously copied to /tmp/spark-902f53d9-dfdf-4f78-886a-d07316c00631/userFiles-6e089f3c-49a2-4082-a42f-ec39fb9e484a/org.xerial.snappy_snappy-java-1.1.10.5.jar
26/01/04 15:25:24 INFO Executor: Fetching file:///root/.ivy2/jars/org.apache.commons_commons-pool2-2.11.1.jar with timestamp 1767536721863
26/01/04 15:25:24 INFO Utils: /root/.ivy2/jars/org.apache.commons_commons-pool2-2.11.1.jar has been previously copied to /tmp/spark-902f53d9-dfdf-4f78-886a-d07316c00631/userFiles-6e089f3c-49a2-4082-a42f-ec39fb9e484a/org.apache.commons_commons-pool2-2.11.1.jar
26/01/04 15:25:24 INFO Executor: Fetching file:///root/.ivy2/jars/org.apache.spark_spark-sql-kafka-0-10_2.12-3.5.3.jar with timestamp 1767536721863
26/01/04 15:25:24 INFO Utils: /root/.ivy2/jars/org.apache.spark_spark-sql-kafka-0-10_2.12-3.5.3.jar has been previously copied to /tmp/spark-902f53d9-dfdf-4f78-886a-d07316c00631/userFiles-6e089f3c-49a2-4082-a42f-ec39fb9e484a/org.apache.spark_spark-sql-kafka-0-10_2.12-3.5.3.jar
26/01/04 15:25:24 INFO Executor: Fetching file:///root/.ivy2/jars/commons-logging_commons-logging-1.1.3.jar with timestamp 1767536721863
26/01/04 15:25:24 INFO Utils: /root/.ivy2/jars/commons-logging_commons-logging-1.1.3.jar has been previously copied to /tmp/spark-902f53d9-dfdf-4f78-886a-d07316c00631/userFiles-6e089f3c-49a2-4082-a42f-ec39fb9e484a/commons-logging_commons-logging-1.1.3.jar
26/01/04 15:25:24 INFO Executor: Fetching file:///root/.ivy2/jars/org.lz4_lz4-java-1.8.0.jar with timestamp 1767536721863
26/01/04 15:25:24 INFO Utils: /root/.ivy2/jars/org.lz4_lz4-java-1.8.0.jar has been previously copied to /tmp/spark-902f53d9-dfdf-4f78-886a-d07316c00631/userFiles-6e089f3c-49a2-4082-a42f-ec39fb9e484a/org.lz4_lz4-java-1.8.0.jar
26/01/04 15:25:24 INFO Executor: Fetching file:///root/.ivy2/jars/org.apache.kafka_kafka-clients-3.4.1.jar with timestamp 1767536721863
26/01/04 15:25:24 INFO Utils: /root/.ivy2/jars/org.apache.kafka_kafka-clients-3.4.1.jar has been previously copied to /tmp/spark-902f53d9-dfdf-4f78-886a-d07316c00631/userFiles-6e089f3c-49a2-4082-a42f-ec39fb9e484a/org.apache.kafka_kafka-clients-3.4.1.jar
26/01/04 15:25:24 INFO Executor: Fetching spark://a6835172c064:37245/jars/org.apache.commons_commons-pool2-2.11.1.jar with timestamp 1767536721863
26/01/04 15:25:24 INFO TransportClientFactory: Successfully created connection to a6835172c064/172.18.0.3:37245 after 49 ms (0 ms spent in bootstraps)
26/01/04 15:25:24 INFO Utils: Fetching spark://a6835172c064:37245/jars/org.apache.commons_commons-pool2-2.11.1.jar to /tmp/spark-902f53d9-dfdf-4f78-886a-d07316c00631/userFiles-6e089f3c-49a2-4082-a42f-ec39fb9e484a/fetchFileTemp13340892780650050439.tmp
26/01/04 15:25:24 INFO Utils: /tmp/spark-902f53d9-dfdf-4f78-886a-d07316c00631/userFiles-6e089f3c-49a2-4082-a42f-ec39fb9e484a/fetchFileTemp13340892780650050439.tmp has been previously copied to /tmp/spark-902f53d9-dfdf-4f78-886a-d07316c00631/userFiles-6e089f3c-49a2-4082-a42f-ec39fb9e484a/org.apache.commons_commons-pool2-2.11.1.jar
26/01/04 15:25:24 INFO Executor: Adding file:/tmp/spark-902f53d9-dfdf-4f78-886a-d07316c00631/userFiles-6e089f3c-49a2-4082-a42f-ec39fb9e484a/org.apache.commons_commons-pool2-2.11.1.jar to class loader default
26/01/04 15:25:24 INFO Executor: Fetching spark://a6835172c064:37245/jars/org.slf4j_slf4j-api-2.0.7.jar with timestamp 1767536721863
26/01/04 15:25:24 INFO Utils: Fetching spark://a6835172c064:37245/jars/org.slf4j_slf4j-api-2.0.7.jar to /tmp/spark-902f53d9-dfdf-4f78-886a-d07316c00631/userFiles-6e089f3c-49a2-4082-a42f-ec39fb9e484a/fetchFileTemp10988866241527338482.tmp
26/01/04 15:25:24 INFO Utils: /tmp/spark-902f53d9-dfdf-4f78-886a-d07316c00631/userFiles-6e089f3c-49a2-4082-a42f-ec39fb9e484a/fetchFileTemp10988866241527338482.tmp has been previously copied to /tmp/spark-902f53d9-dfdf-4f78-886a-d07316c00631/userFiles-6e089f3c-49a2-4082-a42f-ec39fb9e484a/org.slf4j_slf4j-api-2.0.7.jar
26/01/04 15:25:24 INFO Executor: Adding file:/tmp/spark-902f53d9-dfdf-4f78-886a-d07316c00631/userFiles-6e089f3c-49a2-4082-a42f-ec39fb9e484a/org.slf4j_slf4j-api-2.0.7.jar to class loader default
26/01/04 15:25:24 INFO Executor: Fetching spark://a6835172c064:37245/jars/org.apache.spark_spark-sql-kafka-0-10_2.12-3.5.3.jar with timestamp 1767536721863
26/01/04 15:25:24 INFO Utils: Fetching spark://a6835172c064:37245/jars/org.apache.spark_spark-sql-kafka-0-10_2.12-3.5.3.jar to /tmp/spark-902f53d9-dfdf-4f78-886a-d07316c00631/userFiles-6e089f3c-49a2-4082-a42f-ec39fb9e484a/fetchFileTemp17292504117935020811.tmp
26/01/04 15:25:24 INFO Utils: /tmp/spark-902f53d9-dfdf-4f78-886a-d07316c00631/userFiles-6e089f3c-49a2-4082-a42f-ec39fb9e484a/fetchFileTemp17292504117935020811.tmp has been previously copied to /tmp/spark-902f53d9-dfdf-4f78-886a-d07316c00631/userFiles-6e089f3c-49a2-4082-a42f-ec39fb9e484a/org.apache.spark_spark-sql-kafka-0-10_2.12-3.5.3.jar
26/01/04 15:25:24 INFO Executor: Adding file:/tmp/spark-902f53d9-dfdf-4f78-886a-d07316c00631/userFiles-6e089f3c-49a2-4082-a42f-ec39fb9e484a/org.apache.spark_spark-sql-kafka-0-10_2.12-3.5.3.jar to class loader default
26/01/04 15:25:24 INFO Executor: Fetching spark://a6835172c064:37245/jars/org.apache.hadoop_hadoop-client-runtime-3.3.4.jar with timestamp 1767536721863
26/01/04 15:25:24 INFO Utils: Fetching spark://a6835172c064:37245/jars/org.apache.hadoop_hadoop-client-runtime-3.3.4.jar to /tmp/spark-902f53d9-dfdf-4f78-886a-d07316c00631/userFiles-6e089f3c-49a2-4082-a42f-ec39fb9e484a/fetchFileTemp1485996670991584885.tmp
26/01/04 15:25:25 INFO Utils: /tmp/spark-902f53d9-dfdf-4f78-886a-d07316c00631/userFiles-6e089f3c-49a2-4082-a42f-ec39fb9e484a/fetchFileTemp1485996670991584885.tmp has been previously copied to /tmp/spark-902f53d9-dfdf-4f78-886a-d07316c00631/userFiles-6e089f3c-49a2-4082-a42f-ec39fb9e484a/org.apache.hadoop_hadoop-client-runtime-3.3.4.jar
26/01/04 15:25:25 INFO Executor: Adding file:/tmp/spark-902f53d9-dfdf-4f78-886a-d07316c00631/userFiles-6e089f3c-49a2-4082-a42f-ec39fb9e484a/org.apache.hadoop_hadoop-client-runtime-3.3.4.jar to class loader default
26/01/04 15:25:25 INFO Executor: Fetching spark://a6835172c064:37245/jars/commons-logging_commons-logging-1.1.3.jar with timestamp 1767536721863
26/01/04 15:25:25 INFO Utils: Fetching spark://a6835172c064:37245/jars/commons-logging_commons-logging-1.1.3.jar to /tmp/spark-902f53d9-dfdf-4f78-886a-d07316c00631/userFiles-6e089f3c-49a2-4082-a42f-ec39fb9e484a/fetchFileTemp13096788760226556408.tmp
26/01/04 15:25:25 INFO Utils: /tmp/spark-902f53d9-dfdf-4f78-886a-d07316c00631/userFiles-6e089f3c-49a2-4082-a42f-ec39fb9e484a/fetchFileTemp13096788760226556408.tmp has been previously copied to /tmp/spark-902f53d9-dfdf-4f78-886a-d07316c00631/userFiles-6e089f3c-49a2-4082-a42f-ec39fb9e484a/commons-logging_commons-logging-1.1.3.jar
26/01/04 15:25:25 INFO Executor: Adding file:/tmp/spark-902f53d9-dfdf-4f78-886a-d07316c00631/userFiles-6e089f3c-49a2-4082-a42f-ec39fb9e484a/commons-logging_commons-logging-1.1.3.jar to class loader default
26/01/04 15:25:25 INFO Executor: Fetching spark://a6835172c064:37245/jars/org.lz4_lz4-java-1.8.0.jar with timestamp 1767536721863
26/01/04 15:25:25 INFO Utils: Fetching spark://a6835172c064:37245/jars/org.lz4_lz4-java-1.8.0.jar to /tmp/spark-902f53d9-dfdf-4f78-886a-d07316c00631/userFiles-6e089f3c-49a2-4082-a42f-ec39fb9e484a/fetchFileTemp8721916598060578104.tmp
26/01/04 15:25:25 INFO Utils: /tmp/spark-902f53d9-dfdf-4f78-886a-d07316c00631/userFiles-6e089f3c-49a2-4082-a42f-ec39fb9e484a/fetchFileTemp8721916598060578104.tmp has been previously copied to /tmp/spark-902f53d9-dfdf-4f78-886a-d07316c00631/userFiles-6e089f3c-49a2-4082-a42f-ec39fb9e484a/org.lz4_lz4-java-1.8.0.jar
26/01/04 15:25:25 INFO Executor: Adding file:/tmp/spark-902f53d9-dfdf-4f78-886a-d07316c00631/userFiles-6e089f3c-49a2-4082-a42f-ec39fb9e484a/org.lz4_lz4-java-1.8.0.jar to class loader default
26/01/04 15:25:25 INFO Executor: Fetching spark://a6835172c064:37245/jars/org.apache.kafka_kafka-clients-3.4.1.jar with timestamp 1767536721863
26/01/04 15:25:25 INFO Utils: Fetching spark://a6835172c064:37245/jars/org.apache.kafka_kafka-clients-3.4.1.jar to /tmp/spark-902f53d9-dfdf-4f78-886a-d07316c00631/userFiles-6e089f3c-49a2-4082-a42f-ec39fb9e484a/fetchFileTemp11241884352688503161.tmp
26/01/04 15:25:25 INFO Utils: /tmp/spark-902f53d9-dfdf-4f78-886a-d07316c00631/userFiles-6e089f3c-49a2-4082-a42f-ec39fb9e484a/fetchFileTemp11241884352688503161.tmp has been previously copied to /tmp/spark-902f53d9-dfdf-4f78-886a-d07316c00631/userFiles-6e089f3c-49a2-4082-a42f-ec39fb9e484a/org.apache.kafka_kafka-clients-3.4.1.jar
26/01/04 15:25:25 INFO Executor: Adding file:/tmp/spark-902f53d9-dfdf-4f78-886a-d07316c00631/userFiles-6e089f3c-49a2-4082-a42f-ec39fb9e484a/org.apache.kafka_kafka-clients-3.4.1.jar to class loader default
26/01/04 15:25:25 INFO Executor: Fetching spark://a6835172c064:37245/jars/org.xerial.snappy_snappy-java-1.1.10.5.jar with timestamp 1767536721863
26/01/04 15:25:25 INFO Utils: Fetching spark://a6835172c064:37245/jars/org.xerial.snappy_snappy-java-1.1.10.5.jar to /tmp/spark-902f53d9-dfdf-4f78-886a-d07316c00631/userFiles-6e089f3c-49a2-4082-a42f-ec39fb9e484a/fetchFileTemp6156941742418857372.tmp
26/01/04 15:25:25 INFO Utils: /tmp/spark-902f53d9-dfdf-4f78-886a-d07316c00631/userFiles-6e089f3c-49a2-4082-a42f-ec39fb9e484a/fetchFileTemp6156941742418857372.tmp has been previously copied to /tmp/spark-902f53d9-dfdf-4f78-886a-d07316c00631/userFiles-6e089f3c-49a2-4082-a42f-ec39fb9e484a/org.xerial.snappy_snappy-java-1.1.10.5.jar
26/01/04 15:25:25 INFO Executor: Adding file:/tmp/spark-902f53d9-dfdf-4f78-886a-d07316c00631/userFiles-6e089f3c-49a2-4082-a42f-ec39fb9e484a/org.xerial.snappy_snappy-java-1.1.10.5.jar to class loader default
26/01/04 15:25:25 INFO Executor: Fetching spark://a6835172c064:37245/jars/org.apache.hadoop_hadoop-client-api-3.3.4.jar with timestamp 1767536721863
26/01/04 15:25:25 INFO Utils: Fetching spark://a6835172c064:37245/jars/org.apache.hadoop_hadoop-client-api-3.3.4.jar to /tmp/spark-902f53d9-dfdf-4f78-886a-d07316c00631/userFiles-6e089f3c-49a2-4082-a42f-ec39fb9e484a/fetchFileTemp4668367297862666522.tmp
26/01/04 15:25:25 INFO Utils: /tmp/spark-902f53d9-dfdf-4f78-886a-d07316c00631/userFiles-6e089f3c-49a2-4082-a42f-ec39fb9e484a/fetchFileTemp4668367297862666522.tmp has been previously copied to /tmp/spark-902f53d9-dfdf-4f78-886a-d07316c00631/userFiles-6e089f3c-49a2-4082-a42f-ec39fb9e484a/org.apache.hadoop_hadoop-client-api-3.3.4.jar
26/01/04 15:25:25 INFO Executor: Adding file:/tmp/spark-902f53d9-dfdf-4f78-886a-d07316c00631/userFiles-6e089f3c-49a2-4082-a42f-ec39fb9e484a/org.apache.hadoop_hadoop-client-api-3.3.4.jar to class loader default
26/01/04 15:25:25 INFO Executor: Fetching spark://a6835172c064:37245/jars/com.google.code.findbugs_jsr305-3.0.0.jar with timestamp 1767536721863
26/01/04 15:25:25 INFO Utils: Fetching spark://a6835172c064:37245/jars/com.google.code.findbugs_jsr305-3.0.0.jar to /tmp/spark-902f53d9-dfdf-4f78-886a-d07316c00631/userFiles-6e089f3c-49a2-4082-a42f-ec39fb9e484a/fetchFileTemp8506780929673706471.tmp
26/01/04 15:25:25 INFO Utils: /tmp/spark-902f53d9-dfdf-4f78-886a-d07316c00631/userFiles-6e089f3c-49a2-4082-a42f-ec39fb9e484a/fetchFileTemp8506780929673706471.tmp has been previously copied to /tmp/spark-902f53d9-dfdf-4f78-886a-d07316c00631/userFiles-6e089f3c-49a2-4082-a42f-ec39fb9e484a/com.google.code.findbugs_jsr305-3.0.0.jar
26/01/04 15:25:25 INFO Executor: Adding file:/tmp/spark-902f53d9-dfdf-4f78-886a-d07316c00631/userFiles-6e089f3c-49a2-4082-a42f-ec39fb9e484a/com.google.code.findbugs_jsr305-3.0.0.jar to class loader default
26/01/04 15:25:25 INFO Executor: Fetching spark://a6835172c064:37245/jars/org.apache.spark_spark-token-provider-kafka-0-10_2.12-3.5.3.jar with timestamp 1767536721863
26/01/04 15:25:25 INFO Utils: Fetching spark://a6835172c064:37245/jars/org.apache.spark_spark-token-provider-kafka-0-10_2.12-3.5.3.jar to /tmp/spark-902f53d9-dfdf-4f78-886a-d07316c00631/userFiles-6e089f3c-49a2-4082-a42f-ec39fb9e484a/fetchFileTemp4721114423779430385.tmp
26/01/04 15:25:25 INFO Utils: /tmp/spark-902f53d9-dfdf-4f78-886a-d07316c00631/userFiles-6e089f3c-49a2-4082-a42f-ec39fb9e484a/fetchFileTemp4721114423779430385.tmp has been previously copied to /tmp/spark-902f53d9-dfdf-4f78-886a-d07316c00631/userFiles-6e089f3c-49a2-4082-a42f-ec39fb9e484a/org.apache.spark_spark-token-provider-kafka-0-10_2.12-3.5.3.jar
26/01/04 15:25:25 INFO Executor: Adding file:/tmp/spark-902f53d9-dfdf-4f78-886a-d07316c00631/userFiles-6e089f3c-49a2-4082-a42f-ec39fb9e484a/org.apache.spark_spark-token-provider-kafka-0-10_2.12-3.5.3.jar to class loader default
26/01/04 15:25:25 INFO Utils: Successfully started service 'org.apache.spark.network.netty.NettyBlockTransferService' on port 42139.
26/01/04 15:25:25 INFO NettyBlockTransferService: Server created on a6835172c064:42139
26/01/04 15:25:25 INFO BlockManager: Using org.apache.spark.storage.RandomBlockReplicationPolicy for block replication policy
26/01/04 15:25:25 INFO BlockManagerMaster: Registering BlockManager BlockManagerId(driver, a6835172c064, 42139, None)
26/01/04 15:25:25 INFO BlockManagerMasterEndpoint: Registering block manager a6835172c064:42139 with 127.2 MiB RAM, BlockManagerId(driver, a6835172c064, 42139, None)
26/01/04 15:25:25 INFO BlockManagerMaster: Registered BlockManager BlockManagerId(driver, a6835172c064, 42139, None)
26/01/04 15:25:25 INFO BlockManager: Initialized BlockManager: BlockManagerId(driver, a6835172c064, 42139, None)

[2026-01-04 15:25:26.384791] Analyzing window 20260104_151526 -> 20260104_152526
   Scores -> Traffic: 0.00 | Weather: 0.50 | Sentiment: 0.00
   Global Score: 0.15
   DECISION: NO_AD. Conditions acceptable.

[2026-01-04 15:26:26.443642] Analyzing window 20260104_151626 -> 20260104_152626
   Scores -> Traffic: 0.00 | Weather: 0.50 | Sentiment: 0.00
   Global Score: 0.15
   DECISION: NO_AD. Conditions acceptable.

[2026-01-04 15:27:26.467382] Analyzing window 20260104_151726 -> 20260104_152726
   Scores -> Traffic: 0.00 | Weather: 0.50 | Sentiment: 0.00
   Global Score: 0.15
   DECISION: NO_AD. Conditions acceptable.

[2026-01-04 15:28:26.514948] Analyzing window 20260104_151826 -> 20260104_152826
   Scores -> Traffic: 0.00 | Weather: 0.50 | Sentiment: 0.00
   Global Score: 0.15
   DECISION: NO_AD. Conditions acceptable.

[2026-01-04 15:29:26.583110] Analyzing window 20260104_151926 -> 20260104_152926
   Scores -> Traffic: 0.00 | Weather: 0.50 | Sentiment: 0.00
   Global Score: 0.15
   DECISION: NO_AD. Conditions acceptable.

[2026-01-04 15:30:26.637070] Analyzing window 20260104_152026 -> 20260104_153026
   Scores -> Traffic: 0.00 | Weather: 0.50 | Sentiment: 0.00
   Global Score: 0.15
   DECISION: NO_AD. Conditions acceptable.

[2026-01-04 15:31:26.689383] Analyzing window 20260104_152126 -> 20260104_153126
   Scores -> Traffic: 0.00 | Weather: 0.50 | Sentiment: 0.00
   Global Score: 0.15
   DECISION: NO_AD. Conditions acceptable.

[2026-01-04 15:32:26.731740] Analyzing window 20260104_152226 -> 20260104_153226
   Scores -> Traffic: 0.00 | Weather: 0.50 | Sentiment: 0.00
   Global Score: 0.15
   DECISION: NO_AD. Conditions acceptable.

[2026-01-04 15:33:26.785437] Analyzing window 20260104_152326 -> 20260104_153326
   Scores -> Traffic: 0.00 | Weather: 0.50 | Sentiment: 0.00
   Global Score: 0.15
   DECISION: NO_AD. Conditions acceptable.

[2026-01-04 15:34:26.826738] Analyzing window 20260104_152426 -> 20260104_153426
   Scores -> Traffic: 0.00 | Weather: 0.50 | Sentiment: 0.00
   Global Score: 0.15
   DECISION: NO_AD. Conditions acceptable.

[2026-01-04 15:35:26.828937] Analyzing window 20260104_152526 -> 20260104_153526
   Scores -> Traffic: 0.00 | Weather: 0.50 | Sentiment: 0.00
   Global Score: 0.15
   DECISION: NO_AD. Conditions acceptable.

[2026-01-04 15:36:26.879901] Analyzing window 20260104_152626 -> 20260104_153626
   Scores -> Traffic: 0.00 | Weather: 0.50 | Sentiment: 0.00
   Global Score: 0.15
   DECISION: NO_AD. Conditions acceptable.

[2026-01-04 15:37:26.939639] Analyzing window 20260104_152726 -> 20260104_153726
   Scores -> Traffic: 0.00 | Weather: 0.50 | Sentiment: 0.00
   Global Score: 0.15
   DECISION: NO_AD. Conditions acceptable.

[2026-01-04 15:38:26.995793] Analyzing window 20260104_152826 -> 20260104_153826
   Scores -> Traffic: 0.00 | Weather: 0.50 | Sentiment: 0.00
   Global Score: 0.15
   DECISION: NO_AD. Conditions acceptable.

[2026-01-04 15:39:27.026374] Analyzing window 20260104_152927 -> 20260104_153927
   Scores -> Traffic: 0.00 | Weather: 0.50 | Sentiment: 0.00
   Global Score: 0.15
   DECISION: NO_AD. Conditions acceptable.

[2026-01-04 15:40:27.086143] Analyzing window 20260104_153027 -> 20260104_154027
   Scores -> Traffic: 0.00 | Weather: 0.50 | Sentiment: 0.00
   Global Score: 0.15
   DECISION: NO_AD. Conditions acceptable.
